Determining if the pthread_create exist failed with the following output:
Change Dir: /home/zyh/workflow-master/build/CMakeFiles/CMakeTmp

Run Build Command:"/usr/bin/make" "cmTC_f3696/fast"
/usr/bin/make -f CMakeFiles/cmTC_f3696.dir/build.make CMakeFiles/cmTC_f3696.dir/build
make[1]: Entering directory '/home/zyh/workflow-master/build/CMakeFiles/CMakeTmp'
Building C object CMakeFiles/cmTC_f3696.dir/CheckSymbolExists.c.o
/usr/bin/cc   -Wall -fPIC -pipe -std=gnu90    -o CMakeFiles/cmTC_f3696.dir/CheckSymbolExists.c.o   -c /home/zyh/workflow-master/build/CMakeFiles/CMakeTmp/CheckSymbolExists.c
Linking C executable cmTC_f3696
/usr/bin/cmake -E cmake_link_script CMakeFiles/cmTC_f3696.dir/link.txt --verbose=1
/usr/bin/cc    -Wall -fPIC -pipe -std=gnu90     CMakeFiles/cmTC_f3696.dir/CheckSymbolExists.c.o  -o cmTC_f3696 
CMakeFiles/cmTC_f3696.dir/CheckSymbolExists.c.o: In function `main':
CheckSymbolExists.c:(.text+0x1b): undefined reference to `pthread_create'
collect2: error: ld returned 1 exit status
CMakeFiles/cmTC_f3696.dir/build.make:97: recipe for target 'cmTC_f3696' failed
make[1]: *** [cmTC_f3696] Error 1
make[1]: Leaving directory '/home/zyh/workflow-master/build/CMakeFiles/CMakeTmp'
Makefile:126: recipe for target 'cmTC_f3696/fast' failed
make: *** [cmTC_f3696/fast] Error 2

File /home/zyh/workflow-master/build/CMakeFiles/CMakeTmp/CheckSymbolExists.c:
/* */
#include <pthread.h>

int main(int argc, char** argv)
{
  (void)argv;
#ifndef pthread_create
  return ((int*)(&pthread_create))[argc];
#else
  (void)argc;
  return 0;
#endif
}

Determining if the function pthread_create exists in the pthreads failed with the following output:
Change Dir: /home/zyh/workflow-master/build/CMakeFiles/CMakeTmp

Run Build Command:"/usr/bin/make" "cmTC_d8a16/fast"
/usr/bin/make -f CMakeFiles/cmTC_d8a16.dir/build.make CMakeFiles/cmTC_d8a16.dir/build
make[1]: Entering directory '/home/zyh/workflow-master/build/CMakeFiles/CMakeTmp'
Building C object CMakeFiles/cmTC_d8a16.dir/CheckFunctionExists.c.o
/usr/bin/cc   -Wall -fPIC -pipe -std=gnu90 -DCHECK_FUNCTION_EXISTS=pthread_create   -o CMakeFiles/cmTC_d8a16.dir/CheckFunctionExists.c.o   -c /usr/share/cmake-3.10/Modules/CheckFunctionExists.c
Linking C executable cmTC_d8a16
/usr/bin/cmake -E cmake_link_script CMakeFiles/cmTC_d8a16.dir/link.txt --verbose=1
/usr/bin/cc    -Wall -fPIC -pipe -std=gnu90 -DCHECK_FUNCTION_EXISTS=pthread_create    CMakeFiles/cmTC_d8a16.dir/CheckFunctionExists.c.o  -o cmTC_d8a16 -lpthreads 
/usr/bin/ld: cannot find -lpthreads
collect2: error: ld returned 1 exit status
CMakeFiles/cmTC_d8a16.dir/build.make:97: recipe for target 'cmTC_d8a16' failed
make[1]: *** [cmTC_d8a16] Error 1
make[1]: Leaving directory '/home/zyh/workflow-master/build/CMakeFiles/CMakeTmp'
Makefile:126: recipe for target 'cmTC_d8a16/fast' failed
make: *** [cmTC_d8a16/fast] Error 2


